<?xml version="1.0" encoding="UTF-8"?>
<testng-results ignored="0" total="1" passed="1" failed="0" skipped="0">
  <reporter-output>
  </reporter-output>
  <suite started-at="2023-11-06T04:58:51Z" name="NopCommerce" finished-at="2023-11-06T04:59:12Z" duration-ms="20411">
    <groups>
    </groups>
    <test started-at="2023-11-06T04:58:51Z" name="Run on Firefox" finished-at="2023-11-06T04:59:12Z" duration-ms="20411">
      <class name="com.nopcommerce.grid.Level_23_Grid">
        <test-method is-config="true" signature="beforeClass(java.lang.String, java.lang.String, java.lang.String, java.lang.String, java.lang.String)[pri:0, instance:com.nopcommerce.grid.Level_23_Grid@475835b1]" started-at="2023-11-06T04:58:51Z" name="beforeClass" finished-at="2023-11-06T04:59:05Z" duration-ms="13080" status="PASS">
          <params>
            <param index="0">
              <value>
                <![CDATA[firefox]]>
              </value>
            </param>
            <param index="1">
              <value>
                <![CDATA[dev]]>
              </value>
            </param>
            <param index="2">
              <value>
                <![CDATA[windows]]>
              </value>
            </param>
            <param index="3">
              <value>
                <![CDATA[192.168.88.128]]>
              </value>
            </param>
            <param index="4">
              <value>
                <![CDATA[5555]]>
              </value>
            </param>
          </params>
          <reporter-output>
          </reporter-output>
        </test-method> <!-- beforeClass -->
        <test-method signature="User_01_Register(java.lang.reflect.Method)[pri:0, instance:com.nopcommerce.grid.Level_23_Grid@475835b1]" started-at="2023-11-06T04:59:05Z" name="User_01_Register" finished-at="2023-11-06T04:59:09Z" duration-ms="4889" status="PASS">
          <params>
            <param index="0">
              <value>
                <![CDATA[public void com.nopcommerce.grid.Level_23_Grid.User_01_Register(java.lang.reflect.Method)]]>
              </value>
            </param>
          </params>
          <reporter-output>
          </reporter-output>
        </test-method> <!-- User_01_Register -->
        <test-method is-config="true" signature="afterClass()[pri:0, instance:com.nopcommerce.grid.Level_23_Grid@475835b1]" started-at="2023-11-06T04:59:09Z" name="afterClass" finished-at="2023-11-06T04:59:12Z" duration-ms="2412" status="PASS">
          <reporter-output>
          </reporter-output>
        </test-method> <!-- afterClass -->
      </class> <!-- com.nopcommerce.grid.Level_23_Grid -->
    </test> <!-- Run on Firefox -->
  </suite> <!-- NopCommerce -->
</testng-results>
