<?xml version="1.0" encoding="UTF-8"?>
<testng-results ignored="0" total="1" passed="1" failed="0" skipped="0">
  <reporter-output>
  </reporter-output>
  <suite started-at="2023-11-06T03:43:40Z" name="NopCommerce" finished-at="2023-11-06T03:43:53Z" duration-ms="12690">
    <groups>
    </groups>
    <test started-at="2023-11-06T03:43:40Z" name="Run on Firefox" finished-at="2023-11-06T03:43:53Z" duration-ms="12690">
      <class name="com.nopcommerce.grid.Level_23_Local">
        <test-method is-config="true" signature="beforeClass(java.lang.String, java.lang.String)[pri:0, instance:com.nopcommerce.grid.Level_23_Local@475835b1]" started-at="2023-11-06T03:43:40Z" name="beforeClass" finished-at="2023-11-06T03:43:47Z" duration-ms="7500" status="PASS">
          <params>
            <param index="0">
              <value>
                <![CDATA[firefox]]>
              </value>
            </param>
            <param index="1">
              <value>
                <![CDATA[dev]]>
              </value>
            </param>
          </params>
          <reporter-output>
          </reporter-output>
        </test-method> <!-- beforeClass -->
        <test-method signature="User_01_Register(java.lang.reflect.Method)[pri:0, instance:com.nopcommerce.grid.Level_23_Local@475835b1]" started-at="2023-11-06T03:43:47Z" name="User_01_Register" finished-at="2023-11-06T03:43:51Z" duration-ms="3556" status="PASS">
          <params>
            <param index="0">
              <value>
                <![CDATA[public void com.nopcommerce.grid.Level_23_Local.User_01_Register(java.lang.reflect.Method)]]>
              </value>
            </param>
          </params>
          <reporter-output>
          </reporter-output>
        </test-method> <!-- User_01_Register -->
        <test-method is-config="true" signature="afterClass()[pri:0, instance:com.nopcommerce.grid.Level_23_Local@475835b1]" started-at="2023-11-06T03:43:51Z" name="afterClass" finished-at="2023-11-06T03:43:53Z" duration-ms="1610" status="PASS">
          <reporter-output>
          </reporter-output>
        </test-method> <!-- afterClass -->
      </class> <!-- com.nopcommerce.grid.Level_23_Local -->
    </test> <!-- Run on Firefox -->
  </suite> <!-- NopCommerce -->
</testng-results>
